[2024-11-12 07:13:52,052][DEBUG][org.apache.http.wire] http-outgoing-27 << "X-Content-Type-Options: nosniff[\r][\n]"
[2024-11-12 07:13:52,052][DEBUG][org.apache.http.wire] http-outgoing-27 << "Strict-Transport-Security: max-age=63072000; includeSubDomains; preload[\r][\n]"
[2024-11-12 07:13:52,052][DEBUG][org.apache.http.wire] http-outgoing-27 << "server: cloudflare[\r][\n]"
[2024-11-12 07:13:52,052][DEBUG][org.apache.http.wire] http-outgoing-27 << "[\r][\n]"
[2024-11-12 07:13:52,052][DEBUG][org.apache.http.wire] http-outgoing-27 << "<!DOCTYPE HTML PUBLIC "-//W3C//DTD HTML 4.01 Transitional//EN" "http://www.w3.org/TR/html4/loose.dtd">[\n]"
[2024-11-12 07:13:52,052][DEBUG][org.apache.http.wire] http-outgoing-27 << "<HTML><HEAD><META HTTP-EQUIV="Content-Type" CONTENT="text/html; charset=iso-8859-1">[\n]"
[2024-11-12 07:13:52,052][DEBUG][org.apache.http.wire] http-outgoing-27 << "<TITLE>ERROR: The request could not be satisfied</TITLE>[\n]"
[2024-11-12 07:13:52,052][DEBUG][org.apache.http.wire] http-outgoing-27 << "</HEAD><BODY>[\n]"
[2024-11-12 07:13:52,052][DEBUG][org.apache.http.wire] http-outgoing-27 << "<H1>403 ERROR</H1>[\n]"
[2024-11-12 07:13:52,052][DEBUG][org.apache.http.wire] http-outgoing-27 << "<H2>The request could not be satisfied.</H2>[\n]"
[2024-11-12 07:13:52,052][DEBUG][org.apache.http.wire] http-outgoing-27 << "<HR noshade size="1px">[\n]"
[2024-11-12 07:13:52,052][DEBUG][org.apache.http.wire] http-outgoing-27 << "Request blocked.[\n]"
[2024-11-12 07:13:52,052][DEBUG][org.apache.http.wire] http-outgoing-27 << "We can't connect to the server for this app or website at this time. There might be too much traffic or a configuration error. Try again later, or contact the app or website owner.[\n]"
[2024-11-12 07:13:52,052][DEBUG][org.apache.http.wire] http-outgoing-27 << "<BR clear="all">[\n]"
[2024-11-12 07:13:52,052][DEBUG][org.apache.http.wire] http-outgoing-27 << "If you provide content to customers through CloudFront, you can find steps to troubleshoot and help prevent this error by reviewing the CloudFront documentation.[\n]"
[2024-11-12 07:13:52,052][DEBUG][org.apache.http.wire] http-outgoing-27 << "<BR clear="all">[\n]"
[2024-11-12 07:13:52,052][DEBUG][org.apache.http.wire] http-outgoing-27 << "<HR noshade size="1px">[\n]"
[2024-11-12 07:13:52,052][DEBUG][org.apache.http.wire] http-outgoing-27 << "<PRE>[\n]"
[2024-11-12 07:13:52,052][DEBUG][org.apache.http.wire] http-outgoing-27 << "Generated by cloudfront (CloudFront)[\n]"
[2024-11-12 07:13:52,052][DEBUG][org.apache.http.wire] http-outgoing-27 << "Request ID: IqJYymVvuts7Gx1xhXhp163IRy6ASvGE-bqKspPdaDjmW_h-2IfcAg==[\n]"
[2024-11-12 07:13:52,052][DEBUG][org.apache.http.wire] http-outgoing-27 << "</PRE>[\n]"
[2024-11-12 07:13:52,052][DEBUG][org.apache.http.wire] http-outgoing-27 << "<ADDRESS>[\n]"
[2024-11-12 07:13:52,052][DEBUG][org.apache.http.wire] http-outgoing-27 << "</ADDRESS>[\n]"
[2024-11-12 07:13:52,052][DEBUG][org.apache.http.wire] http-outgoing-27 << "</BODY></HTML>"
[2024-11-12 07:13:52,052][DEBUG][org.apache.http.headers] http-outgoing-27 << HTTP/1.1 403 Forbidden
[2024-11-12 07:13:52,052][DEBUG][org.apache.http.headers] http-outgoing-27 << Date: Tue, 12 Nov 2024 07:13:52 GMT
[2024-11-12 07:13:52,052][DEBUG][org.apache.http.headers] http-outgoing-27 << Content-Type: text/html
[2024-11-12 07:13:52,052][DEBUG][org.apache.http.headers] http-outgoing-27 << Content-Length: 919
[2024-11-12 07:13:52,052][DEBUG][org.apache.http.headers] http-outgoing-27 << Connection: close
[2024-11-12 07:13:52,052][DEBUG][org.apache.http.headers] http-outgoing-27 << X-Cache: Error from cloudfront
[2024-11-12 07:13:52,052][DEBUG][org.apache.http.headers] http-outgoing-27 << Via: 1.1 7af6fcba5fc7d18afd4c6d456b52e886.cloudfront.net (CloudFront)
[2024-11-12 07:13:52,052][DEBUG][org.apache.http.headers] http-outgoing-27 << X-Amz-Cf-Pop: IAD61-P3
[2024-11-12 07:13:52,052][DEBUG][org.apache.http.headers] http-outgoing-27 << Alt-Svc: h3=":443"; ma=86400
[2024-11-12 07:13:52,052][DEBUG][org.apache.http.headers] http-outgoing-27 << X-Amz-Cf-Id: IqJYymVvuts7Gx1xhXhp163IRy6ASvGE-bqKspPdaDjmW_h-2IfcAg==
[2024-11-12 07:13:52,052][DEBUG][org.apache.http.headers] http-outgoing-27 << X-XSS-Protection: 1; mode=block
[2024-11-12 07:13:52,052][DEBUG][org.apache.http.headers] http-outgoing-27 << X-Frame-Options: DENY
[2024-11-12 07:13:52,052][DEBUG][org.apache.http.headers] http-outgoing-27 << Referrer-Policy: no-referrer-when-downgrade
[2024-11-12 07:13:52,052][DEBUG][org.apache.http.headers] http-outgoing-27 << Content-Security-Policy: upgrade-insecure-requests; default-src 'self'; connect-src 'self' *.piano.io *.tinypass.com www.googletagmanager.com www.google.com *.google-analytics.com *.analytics.google.com *.doubleclick.net cdn.ampproject.org *.googlesyndication.com adservice.google.com *.ampproject.net *.linkedin.com cdn.linkedin.oribi.io forms.hubspot.com forms.hscollectedforms.net api.hubapi.com js.hs-banner.com *.hubspot.com; script-src 'self' 'unsafe-inline' 'unsafe-eval' *.thecyberwire.com *.piano.io *.tinypass.com www.npttech.com www.google.com www.googletagmanager.com *.google-analytics.com *.doubleclick.net code.jquery.com pay.gocardless.com cdn.ampproject.org snap.licdn.com js-na1.hs-scripts.com js.hscollectedforms.net js.hs-analytics.net js.hs-banner.com js.hsadspixel.net js.hsleadflows.net *.hubspot.com; frame-src 'self' *.tinypass.com *.megaphone.fm *.vimeo.com *.youtube.com cyberwire.wufoo.com *.doubleclick.net www.googletagmanager.com; style-src 'self' 'unsafe-inline' fonts.googleapis.com translate.googleapis.com; font-src 'self' data: fonts.gstatic.com; img-src 'self' data: https: blob:; media-src 'self'; form-action 'self'; frame-ancestors 'self'; object-src 'none'; base-uri 'self'; report-uri /csp/report
[2024-11-12 07:13:52,052][DEBUG][org.apache.http.headers] http-outgoing-27 << X-Content-Type-Options: nosniff
[2024-11-12 07:13:52,052][DEBUG][org.apache.http.headers] http-outgoing-27 << Strict-Transport-Security: max-age=63072000; includeSubDomains; preload
[2024-11-12 07:13:52,052][DEBUG][org.apache.http.headers] http-outgoing-27 << server: cloudflare
[2024-11-12 07:13:52,052][DEBUG][org.apache.http.impl.conn.DefaultManagedHttpClientConnection] http-outgoing-27: Close connection
[2024-11-12 07:13:52,052][DEBUG][org.apache.http.impl.execchain.MainClientExec] Connection discarded
[2024-11-12 07:13:52,052][DEBUG][org.apache.http.impl.conn.BasicHttpClientConnectionManager] Releasing connection [Not bound]
